  PID   LWP PSR S STAT     TIME  STARTED %CPU %MEM    VSZ   RSS   RSZ   STACKP WCHAN  COMMAND
 3193  3193   1 S Sl   00:01:18 18:05:50  1.0  1.8 2597652 291544 291544 2683cff0 poll_s firefox
 3193  3218   1 S Sl   00:00:18 18:05:50  0.2  1.8 2597652 291544 291544 2683cff0 ep_pol Gecko_IOThread
 3193  3219   3 S Sl   00:00:01 18:05:50  0.0  1.8 2597652 291544 291544 2683cff0 futex_ Timer
 3193  3220   1 S Sl   00:00:00 18:05:50  0.0  1.8 2597652 291544 291544 2683cff0 poll_s Link Monitor
 3193  3221   2 S Sl   00:00:41 18:05:50  0.5  1.8 2597652 291544 291544 2683cff0 poll_s Socket Thread
 3193  3222   1 S Sl   00:00:00 18:05:50  0.0  1.8 2597652 291544 291544 2683cff0 futex_ JS Watchdog
 3193  3223   3 S Sl   00:00:00 18:05:50  0.0  1.8 2597652 291544 291544 2683cff0 futex_ JS Helper
 3193  3224   1 S Sl   00:00:00 18:05:50  0.0  1.8 2597652 291544 291544 2683cff0 futex_ JS Helper
 3193  3225   2 S Sl   00:00:00 18:05:50  0.0  1.8 2597652 291544 291544 2683cff0 futex_ JS Helper
 3193  3226   3 S Sl   00:00:00 18:05:50  0.0  1.8 2597652 291544 291544 2683cff0 futex_ JS Helper
 3193  3227   3 S Sl   00:00:00 18:05:50  0.0  1.8 2597652 291544 291544 2683cff0 futex_ JS Helper
 3193  3228   1 S Sl   00:00:00 18:05:50  0.0  1.8 2597652 291544 291544 2683cff0 futex_ JS Helper
 3193  3229   1 S Sl   00:00:00 18:05:50  0.0  1.8 2597652 291544 291544 2683cff0 futex_ JS Helper
 3193  3230   3 S Sl   00:00:00 18:05:50  0.0  1.8 2597652 291544 291544 2683cff0 futex_ JS Helper
 3193  3231   1 S SNl  00:00:00 18:05:50  0.0  1.8 2597652 291544 291544 2683cff0 futex_ Hang Monitor
 3193  3232   0 S SNl  00:00:00 18:05:50  0.0  1.8 2597652 291544 291544 2683cff0 futex_ BgHangManager
 3193  3233   1 S Sl   00:00:02 18:05:50  0.0  1.8 2597652 291544 291544 2683cff0 futex_ Cache2 I/O
 3193  3234   1 S Sl   00:00:00 18:05:50  0.0  1.8 2597652 291544 291544 2683cff0 futex_ DataStorage
 3193  3235   2 S Sl   00:00:00 18:05:50  0.0  1.8 2597652 291544 291544 2683cff0 futex_ DataStorage
 3193  3237   1 S Sl   00:00:00 18:05:50  0.0  1.8 2597652 291544 291544 2683cff0 futex_ GMPThread
 3193  3238   1 S Sl   00:00:03 18:05:50  0.0  1.8 2597652 291544 291544 2683cff0 futex_ SoftwareVsyncTh
 3193  3239   2 S Sl   00:00:28 18:05:50  0.3  1.8 2597652 291544 291544 2683cff0 futex_ Compositor
 3193  3240   3 S Sl   00:00:00 18:05:50  0.0  1.8 2597652 291544 291544 2683cff0 futex_ ImgDecoder #1
 3193  3241   2 S Sl   00:00:00 18:05:50  0.0  1.8 2597652 291544 291544 2683cff0 futex_ ImgDecoder #2
 3193  3242   3 S Sl   00:00:00 18:05:50  0.0  1.8 2597652 291544 291544 2683cff0 futex_ ImgDecoder #3
 3193  3243   2 S Sl   00:00:00 18:05:50  0.0  1.8 2597652 291544 291544 2683cff0 futex_ ImageIO
 3193  3244   3 S Sl   00:00:00 18:05:50  0.0  1.8 2597652 291544 291544 2683cff0 poll_s gmain
 3193  3245   1 S Sl   00:00:00 18:05:50  0.0  1.8 2597652 291544 291544 2683cff0 poll_s gdbus
 3193  3246   1 S Sl   00:00:00 18:05:51  0.0  1.8 2597652 291544 291544 2683cff0 futex_ HTML5 Parser
 3193  3247   1 S Sl   00:00:01 18:05:51  0.0  1.8 2597652 291544 291544 2683cff0 futex_ IPDL Background
 3193  3251   2 S Sl   00:00:02 18:05:51  0.0  1.8 2597652 291544 291544 2683cff0 futex_ DOM Worker
 3193  3252   3 S Sl   00:00:07 18:05:51  0.1  1.8 2597652 291544 291544 2683cff0 futex_ URL Classifier
 3193  3254   2 S Sl   00:00:00 18:05:51  0.0  1.8 2597652 291544 291544 2683cff0 futex_ ImageBridgeChil
 3193  3257   2 S Sl   00:00:00 18:05:51  0.0  1.8 2597652 291544 291544 2683cff0 futex_ ProcessHangMoni
 3193  3258   1 S SNl  00:00:00 18:05:51  0.0  1.8 2597652 291544 291544 2683cff0 futex_ localStorage DB
 3193  3269   3 S Sl   00:00:00 18:05:51  0.0  1.8 2597652 291544 291544 2683cff0 poll_s dconf worker
 3193  3270   3 S Sl   00:00:00 18:05:51  0.0  1.8 2597652 291544 291544 2683cff0 futex_ Proxy R~olution
 3193  3271   3 S Sl   00:00:00 18:05:51  0.0  1.8 2597652 291544 291544 2683cff0 futex_ DataStorage
 3193  3276   1 S Sl   00:00:00 18:05:51  0.0  1.8 2597652 291544 291544 2683cff0 futex_ Cache I/O
 3193  3286   1 S Sl   00:00:02 18:05:52  0.0  1.8 2597652 291544 291544 2683cff0 futex_ DOM Worker
 3193  3290   2 S Sl   00:00:00 18:05:52  0.0  1.8 2597652 291544 291544 2683cff0 futex_ mozStorage #1
 3193  3293   0 S Sl   00:00:00 18:05:52  0.0  1.8 2597652 291544 291544 2683cff0 futex_ mozStorage #2
 3193  3295   2 S Sl   00:00:00 18:05:52  0.0  1.8 2597652 291544 291544 2683cff0 futex_ mozStorage #3
 3193  3296   2 S Sl   00:00:00 18:05:52  0.0  1.8 2597652 291544 291544 2683cff0 futex_ mozStorage #4
 3193  3300   2 S Sl   00:00:00 18:05:53  0.0  1.8 2597652 291544 291544 2683cff0 futex_ mozStorage #5
 3193  3336   2 S Sl   00:00:02 18:06:20  0.0  1.8 2597652 291544 291544 2683cff0 futex_ DOM Worker
 3193  3565   2 S Sl   00:00:00 18:11:30  0.0  1.8 2597652 291544 291544 2683cff0 poll_s threaded-ml
 3193  4535   2 S Sl   00:00:00 18:32:36  0.0  1.8 2597652 291544 291544 2683cff0 futex_ mozStorage #6
 3193  4698   1 S Sl   00:00:00 18:37:24  0.0  1.8 2597652 291544 291544 2683cff0 futex_ mozStorage #7
