enp0s25: flags=4099<UP,BROADCAST,MULTICAST>  mtu 1500
        ether 00:21:cc:c1:db:e6  txqueuelen 1000  (Ethernet)
        RX packets 0  bytes 0 (0.0 B)
        RX errors 0  dropped 0  overruns 0  frame 0
        TX packets 0  bytes 0 (0.0 B)
        TX errors 0  dropped 0 overruns 0  carrier 0  collisions 0
        device interrupt 20  memory 0xf2500000-f2520000  

lo: flags=73<UP,LOOPBACK,RUNNING>  mtu 65536
        inet 127.0.0.1  netmask 255.0.0.0
        inet6 ::1  prefixlen 128  scopeid 0x10<host>
        loop  txqueuelen 1000  (Local Loopback)
        RX packets 36  bytes 2864 (2.7 KiB)
        RX errors 0  dropped 0  overruns 0  frame 0
        TX packets 36  bytes 2864 (2.7 KiB)
        TX errors 0  dropped 0 overruns 0  carrier 0  collisions 0

virbr0: flags=4099<UP,BROADCAST,MULTICAST>  mtu 1500
        inet 192.168.122.1  netmask 255.255.255.0  broadcast 192.168.122.255
        ether 52:54:00:bc:9c:38  txqueuelen 1000  (Ethernet)
        RX packets 0  bytes 0 (0.0 B)
        RX errors 0  dropped 0  overruns 0  frame 0
        TX packets 0  bytes 0 (0.0 B)
        TX errors 0  dropped 0 overruns 0  carrier 0  collisions 0

virbr0-nic: flags=4098<BROADCAST,MULTICAST>  mtu 1500
        ether 52:54:00:bc:9c:38  txqueuelen 1000  (Ethernet)
        RX packets 0  bytes 0 (0.0 B)
        RX errors 0  dropped 0  overruns 0  frame 0
        TX packets 0  bytes 0 (0.0 B)
        TX errors 0  dropped 0 overruns 0  carrier 0  collisions 0

wlp3s0: flags=4163<UP,BROADCAST,RUNNING,MULTICAST>  mtu 1500
        inet 192.168.0.107  netmask 255.255.255.0  broadcast 192.168.0.255
        inet6 fe80::8318:5e35:9303:d6c0  prefixlen 64  scopeid 0x20<link>
        ether 8c:70:5a:8e:cd:d0  txqueuelen 1000  (Ethernet)
        RX packets 38752  bytes 20653043 (19.6 MiB)
        RX errors 0  dropped 0  overruns 0  frame 0
        TX packets 30172  bytes 4877158 (4.6 MiB)
        TX errors 0  dropped 0 overruns 0  carrier 0  collisions 0

wwp0s20u4i6: flags=4098<BROADCAST,MULTICAST>  mtu 1500
        ether 02:15:e0:ec:01:00  txqueuelen 1000  (Ethernet)
        RX packets 0  bytes 0 (0.0 B)
        RX errors 0  dropped 0  overruns 0  frame 0
        TX packets 0  bytes 0 (0.0 B)
        TX errors 0  dropped 0 overruns 0  carrier 0  collisions 0

