1: lo: <LOOPBACK,UP,LOWER_UP> mtu 65536 qdisc noqueue state UNKNOWN mode DEFAULT group default qlen 1000
    link/loopback 00:00:00:00:00:00 brd 00:00:00:00:00:00
    RX: bytes  packets  errors  dropped overrun mcast   
    2864       36       0       0       0       0       
    TX: bytes  packets  errors  dropped carrier collsns 
    2864       36       0       0       0       0       
2: enp0s25: <NO-CARRIER,BROADCAST,MULTICAST,UP> mtu 1500 qdisc pfifo_fast state DOWN mode DEFAULT group default qlen 1000
    link/ether 00:21:cc:c1:db:e6 brd ff:ff:ff:ff:ff:ff
    RX: bytes  packets  errors  dropped overrun mcast   
    0          0        0       0       0       0       
    TX: bytes  packets  errors  dropped carrier collsns 
    0          0        0       0       0       0       
3: wwp0s20u4i6: <BROADCAST,MULTICAST> mtu 1500 qdisc noop state DOWN mode DEFAULT group default qlen 1000
    link/ether 02:15:e0:ec:01:00 brd ff:ff:ff:ff:ff:ff
    RX: bytes  packets  errors  dropped overrun mcast   
    0          0        0       0       0       0       
    TX: bytes  packets  errors  dropped carrier collsns 
    0          0        0       0       0       0       
4: wlp3s0: <BROADCAST,MULTICAST,UP,LOWER_UP> mtu 1500 qdisc mq state UP mode DORMANT group default qlen 1000
    link/ether 8c:70:5a:8e:cd:d0 brd ff:ff:ff:ff:ff:ff
    RX: bytes  packets  errors  dropped overrun mcast   
    20653043   38752    0       0       0       0       
    TX: bytes  packets  errors  dropped carrier collsns 
    4877158    30172    0       0       0       0       
5: virbr0: <NO-CARRIER,BROADCAST,MULTICAST,UP> mtu 1500 qdisc noqueue state DOWN mode DEFAULT group default qlen 1000
    link/ether 52:54:00:bc:9c:38 brd ff:ff:ff:ff:ff:ff
    RX: bytes  packets  errors  dropped overrun mcast   
    0          0        0       0       0       0       
    TX: bytes  packets  errors  dropped carrier collsns 
    0          0        0       0       0       0       
6: virbr0-nic: <BROADCAST,MULTICAST> mtu 1500 qdisc pfifo_fast master virbr0 state DOWN mode DEFAULT group default qlen 1000
    link/ether 52:54:00:bc:9c:38 brd ff:ff:ff:ff:ff:ff
    RX: bytes  packets  errors  dropped overrun mcast   
    0          0        0       0       0       0       
    TX: bytes  packets  errors  dropped carrier collsns 
    0          0        0       0       0       0       
